{
  "stats": {
    "suites": 1,
    "tests": 2,
    "passes": 2,
    "pending": 0,
    "failures": 0,
    "start": "2023-05-26T03:10:26.672Z",
    "end": "2023-05-26T03:10:27.970Z",
    "duration": 1298,
    "testsRegistered": 2,
    "passPercent": 100,
    "pendingPercent": 0,
    "other": 0,
    "hasOther": false,
    "skipped": 0,
    "hasSkipped": false
  },
  "results": [
    {
      "uuid": "b773ab62-74ce-4040-935c-2eab89148d06",
      "title": "",
      "fullFile": "cypress\\e2e\\teste_Index.cy.js",
      "file": "cypress\\e2e\\teste_Index.cy.js",
      "beforeHooks": [],
      "afterHooks": [],
      "tests": [],
      "suites": [
        {
          "uuid": "7fae00f1-5b5b-44df-820a-0e818a43ced4",
          "title": "Index Test",
          "fullFile": "",
          "file": "",
          "beforeHooks": [],
          "afterHooks": [],
          "tests": [
            {
              "title": "check the popups",
              "fullTitle": "Index Test check the popups",
              "timedOut": null,
              "duration": 708,
              "state": "passed",
              "speed": "fast",
              "pass": true,
              "fail": false,
              "pending": false,
              "context": null,
              "code": "cy.visit('../../index.html');\ncy.get('#img').click();\ncy.get('.popup').should('be.visible');\ncy.get('.popup').click();\ncy.get('.popup').should('not.visible');\ncy.get('#img2').click();\ncy.get('.popup').should('be.visible');\ncy.get('.popup').click();",
              "err": {},
              "uuid": "0f1445f4-82a5-4c84-b081-574ca6af0ded",
              "parentUUID": "7fae00f1-5b5b-44df-820a-0e818a43ced4",
              "isHook": false,
              "skipped": false
            },
            {
              "title": "check the change of divs",
              "fullTitle": "Index Test check the change of divs",
              "timedOut": null,
              "duration": 566,
              "state": "passed",
              "speed": "fast",
              "pass": true,
              "fail": false,
              "pending": false,
              "context": null,
              "code": "cy.visit('../../index.html');\ncy.viewport(1280, 1080);\ncy.get('#search').click();\ncy.get('#search').should('be.visible');\ncy.get('#list').click();\ncy.get('#list').should('be.visible');",
              "err": {},
              "uuid": "5cc34a53-8a3b-417c-acc2-988d24a8ae4c",
              "parentUUID": "7fae00f1-5b5b-44df-820a-0e818a43ced4",
              "isHook": false,
              "skipped": false
            }
          ],
          "suites": [],
          "passes": [
            "0f1445f4-82a5-4c84-b081-574ca6af0ded",
            "5cc34a53-8a3b-417c-acc2-988d24a8ae4c"
          ],
          "failures": [],
          "pending": [],
          "skipped": [],
          "duration": 1274,
          "root": false,
          "rootEmpty": false,
          "_timeout": 2000
        }
      ],
      "passes": [],
      "failures": [],
      "pending": [],
      "skipped": [],
      "duration": 0,
      "root": true,
      "rootEmpty": true,
      "_timeout": 2000
    }
  ],
  "meta": {
    "mocha": {
      "version": "7.0.1"
    },
    "mochawesome": {
      "options": {
        "quiet": false,
        "reportFilename": "mochawesome",
        "saveHtml": false,
        "saveJson": true,
        "consoleReporter": "spec",
        "useInlineDiffs": false,
        "code": true
      },
      "version": "7.1.3"
    },
    "marge": {
      "options": {
        "reportDir": "cypress/report/mochawesome-report",
        "overwrite": true,
        "html": false,
        "json": true,
        "timestamp": "mmddyyyy_HHMMss"
      },
      "version": "6.2.0"
    }
  }
}