{
  "stats": {
    "suites": 1,
    "tests": 2,
    "passes": 2,
    "pending": 0,
    "failures": 0,
    "start": "2023-05-26T03:10:22.346Z",
    "end": "2023-05-26T03:10:24.347Z",
    "duration": 2001,
    "testsRegistered": 2,
    "passPercent": 100,
    "pendingPercent": 0,
    "other": 0,
    "hasOther": false,
    "skipped": 0,
    "hasSkipped": false
  },
  "results": [
    {
      "uuid": "e3f5325a-3e2f-4206-99f5-3ec95764b60b",
      "title": "",
      "fullFile": "cypress\\e2e\\teste-search.cy.js",
      "file": "cypress\\e2e\\teste-search.cy.js",
      "beforeHooks": [],
      "afterHooks": [],
      "tests": [],
      "suites": [
        {
          "uuid": "38eb23de-6b9e-4b2b-afc6-d18785c21959",
          "title": "Search Test",
          "fullFile": "",
          "file": "",
          "beforeHooks": [],
          "afterHooks": [],
          "tests": [
            {
              "title": "seachr successful",
              "fullTitle": "Search Test seachr successful",
              "timedOut": null,
              "duration": 1122,
              "state": "passed",
              "speed": "fast",
              "pass": true,
              "fail": false,
              "pending": false,
              "context": null,
              "code": "cy.visit('../../index.html');\ncy.viewport(1280, 1080);\ncy.get('#search').click();\ncy.get('#text-search').type('jurassick park');\ncy.get('#Search').click();\ncy.get('#berserkerDivList').should('be.visible');\ncy.get('#berserkerDivList').click();\ncy.get('#popupListId').should('be.visible');\ncy.get('#popupListId').click();\ncy.get('#popupListId').should('not.visible');",
              "err": {},
              "uuid": "d8482d73-1134-4e99-9fb5-c410c50731fd",
              "parentUUID": "38eb23de-6b9e-4b2b-afc6-d18785c21959",
              "isHook": false,
              "skipped": false
            },
            {
              "title": "empty filed seachr",
              "fullTitle": "Search Test empty filed seachr",
              "timedOut": null,
              "duration": 857,
              "state": "passed",
              "speed": "fast",
              "pass": true,
              "fail": false,
              "pending": false,
              "context": null,
              "code": "cy.visit('../../index.html');\ncy.viewport(1280, 1080);\ncy.get('#search').click();\ncy.get('#text-search').type('jurassick park');\ncy.get('#text-search').clear();\ncy.on('windows:alert', message => {\n  expect(message).to.equal('Preencha o campo de pesquisa.');\n});",
              "err": {},
              "uuid": "ac447cc0-e0e7-49f7-957f-a9378782e27b",
              "parentUUID": "38eb23de-6b9e-4b2b-afc6-d18785c21959",
              "isHook": false,
              "skipped": false
            }
          ],
          "suites": [],
          "passes": [
            "d8482d73-1134-4e99-9fb5-c410c50731fd",
            "ac447cc0-e0e7-49f7-957f-a9378782e27b"
          ],
          "failures": [],
          "pending": [],
          "skipped": [],
          "duration": 1979,
          "root": false,
          "rootEmpty": false,
          "_timeout": 2000
        }
      ],
      "passes": [],
      "failures": [],
      "pending": [],
      "skipped": [],
      "duration": 0,
      "root": true,
      "rootEmpty": true,
      "_timeout": 2000
    }
  ],
  "meta": {
    "mocha": {
      "version": "7.0.1"
    },
    "mochawesome": {
      "options": {
        "quiet": false,
        "reportFilename": "mochawesome",
        "saveHtml": false,
        "saveJson": true,
        "consoleReporter": "spec",
        "useInlineDiffs": false,
        "code": true
      },
      "version": "7.1.3"
    },
    "marge": {
      "options": {
        "reportDir": "cypress/report/mochawesome-report",
        "overwrite": true,
        "html": false,
        "json": true,
        "timestamp": "mmddyyyy_HHMMss"
      },
      "version": "6.2.0"
    }
  }
}